================================================================================
  CHATME – VOLLSTÄNDIGER TEST-REPORT
================================================================================
Datum:    2026-03-15 21:42:14
Projekt:  ~/Git/chatme
Backend:  Python / FastAPI (pytest + pytest-cov)
Frontend: Playwright / Chromium (pytest-playwright)
================================================================================


================================================================================
  BACKEND-TESTS  (pytest + coverage)
  Verzeichnis: backend/tests/
================================================================================

============================= test session starts ==============================
platform linux -- Python 3.12.3, pytest-8.2.0, pluggy-1.6.0
rootdir: /home/stephan/Git/chatme/backend
configfile: pyproject.toml
plugins: anyio-4.12.1, base-url-2.1.0, cov-5.0.0, playwright-0.5.0, asyncio-0.23.7
asyncio: mode=Mode.AUTO
collected 53 items

tests/test_auth.py ............                                          [ 22%]
tests/test_calls.py ...                                                  [ 28%]
tests/test_config.py .....                                               [ 37%]
tests/test_contacts.py .........                                         [ 54%]
tests/test_messages.py .........                                         [ 71%]
tests/test_security.py ......                                            [ 83%]
tests/test_websocket.py .........                                        [100%]

---------- coverage: platform linux, python 3.12.3-final-0 -----------
Name                       Stmts   Miss  Cover   Missing
--------------------------------------------------------
app/core/config.py            13      0   100%
app/core/database.py          10      2    80%   14-15
app/core/deps.py              25      7    72%   22, 25-26, 28-31
app/core/redis_client.py      10      1    90%   8
app/core/security.py          20      0   100%
app/main.py                   36      3    92%   55, 60, 66
app/models/models.py          71      0   100%
app/routers/auth.py           43     17    60%   23-44, 50-54, 72-73
app/routers/calls.py          13      1    92%   23
app/routers/contacts.py       50     29    42%   22-28, 39-66, 80-84, 93-97
app/routers/messages.py       48     20    58%   30, 46-47, 64-71, 86-90, 105-108
app/routers/ws.py            169     92    46%   57-58, 92-100, 112, 121-137, 148-162, 172-179, 194-203, 211-285, 297-302, 313-316
app/schemas/schemas.py        84      0   100%
--------------------------------------------------------
TOTAL                        592    172    71%
Coverage HTML written to dir htmlcov
Coverage XML written to file coverage.xml


============================= 53 passed in 24.49s ==============================

================================================================================
  FRONTEND-TESTS  (pytest-playwright, Chromium)
  Verzeichnis: tests-frontend/
================================================================================

============================= test session starts ==============================
platform linux -- Python 3.12.3, pytest-8.2.0, pluggy-1.6.0
rootdir: /home/stephan/Git/chatme
configfile: pyproject-frontend.toml
plugins: anyio-4.12.1, base-url-2.1.0, cov-5.0.0, playwright-0.5.0, asyncio-0.23.7
asyncio: mode=Mode.STRICT
collected 43 items

tests-frontend/test_css_layout.py ....................                   [ 46%]
tests-frontend/test_js_logic.py .......................                  [100%]

============================== 43 passed in 5.55s ==============================
